<?xml version="1.0" encoding="UTF-8"?>
<testsuite xmlns:xsi="http://www.w3.org/2001/XMLSchema-instance" xsi:noNamespaceSchemaLocation="https://maven.apache.org/surefire/maven-surefire-plugin/xsd/surefire-test-report.xsd" name="com.gp321.app.ApplicationTest" time="0" tests="8" errors="0" skipped="0" failures="0">
  <properties>
[...]
</properties>
  <testcase name="testGetSetUUID" classname="com.gp321.app.ApplicationTest" time="0"/>
  <testcase name="testGetSetAlienApplicant" classname="com.gp321.app.ApplicationTest" time="0"/>
  <testcase name="testGetSetEmailFalse" classname="com.gp321.app.ApplicationTest" time="0"/>
  <testcase name="testToEmailFalse" classname="com.gp321.app.ApplicationTest" time="0"/>
  <testcase name="testGetSetEmailTrue" classname="com.gp321.app.ApplicationTest" time="0"/>
  <testcase name="testToEmailTrue" classname="com.gp321.app.ApplicationTest" time="0"/>
  <testcase name="testGetSetCitizenApplicant" classname="com.gp321.app.ApplicationTest" time="0"/>
  <testcase name="testGetSetEmailMessage" classname="com.gp321.app.ApplicationTest" time="0"/>
</testsuite>